<?xml version="1.0" encoding="UTF-8"?>
<testng-results ignored="0" total="1" passed="1" failed="0" skipped="0">
  <reporter-output>
  </reporter-output>
  <suite started-at="2024-07-17T16:59:18 IST" name="Default suite" finished-at="2024-07-17T16:59:21 IST" duration-ms="2795">
    <groups>
    </groups>
    <test started-at="2024-07-17T16:59:18 IST" name="Default test" finished-at="2024-07-17T16:59:21 IST" duration-ms="2795">
      <class name="AuthenticationOrAuthorization.ApiKeyAuthorization">
        <test-method signature="GetWheatherDataByCity()[pri:0, instance:AuthenticationOrAuthorization.ApiKeyAuthorization@3e2e18f2]" started-at="2024-07-17T16:59:18 IST" name="GetWheatherDataByCity" finished-at="2024-07-17T16:59:21 IST" duration-ms="2767" status="PASS">
          <reporter-output>
          </reporter-output>
        </test-method> <!-- GetWheatherDataByCity -->
      </class> <!-- AuthenticationOrAuthorization.ApiKeyAuthorization -->
    </test> <!-- Default test -->
  </suite> <!-- Default suite -->
</testng-results>
